Port is opened
0031000000010000000010100000
0831000025060108800000000000
0631000040000023f61b1e8b0000
073100001a01c000408001000000
0831000045012000012800040000
0831000075010000000000000000
06310000480001014d8100000000
0731000030020000000000000000
06310000680001204d8100000000
0731000005030000000010100000
06310000500001024d8100000000
0831000070030201000000000000
0631000040000022f61b0e8a0000
06310000500001024d8100000000
06310000680001204d8100000000
0431000060010200f61b00000000
0831000031060104000000000000
04310000700160f61b0000000000
0831000075010000000000000000
0731000030020000000000000000
0631000040000000f61b06800000
0831000070030201000000000000
0531000000042100000000000000
0731000005030000000010900000
0131000025040200000010900000
073100001a01c000408001000000
0831000045012000012800040000
02310000000500601b0000040000
08310000400448487c0400c88011
0531000000042100000000c88011
0731000005030000000010900011
0231000035020000000010900011
0731000030020000000000000011
0831000070030201000000000000
0831000040044848800400c88011
0531000000042100000000c88011
073100001a01c000408001000011
0831000045012000012800040000
02310000000500601b0000040000
0731000005030000000010900000
0231000035020000000010900000
0831000040044848840400c88011
0731000030020000000000000011
0831000070030201000000000000
0531000000042100000000000000
073100001a01c000408001000000
0831000045012000012800040000
04310000700160f61b0000040000
0831000040044848880400c88011
0531000000042100000000c88011
0731000005030000000010900011
0231000035020000000010900011
0731000030020000000000000011
0831000070030201000000000000
08310000400448488c0400c88011
0531000000042100000000c88011
073100001a01c000408001000011
0831000045012000012800040000
04310000700160f61b0000040000
02310000000500601b0000040000
0731000005030000000010900000
0231000035020000000010900000
0831000040044848900400c88011
0731000030020000000000000011
0831000070030201000000000000
0531000000042100000000000000
073100001a01c000408001000000
0831000045012000012800040000
02310000000500601b0000040000
0831000040044848940400c88011
0531000000042100000000c88011
0731000005030000000010900011
0231000035020000000010900011
0731000030020000000000000011
0831000070030201000000000000
0831000040044848980400c88011
