Port is opened
0031000000014848980400c88011
0831000025060108000000000000
073100001a01c000408001000000
0831000045012000012800040000
0731000030020000000000000000
0831000070030201000000000000
0731000005030000000010100000
0231000035020000000010100000
0831000031060104000000000000
0431000070012000000000000000
0831000075010000000000000000
0731000030020000000000000000
0831000070030203000000000000
0131000025040203000000000000
073100001a01c000408001000000
0831000045012000012800040000
0431000070012000000000040000
083100004004484c780400c88011
0731000005030000000010100011
0231000035020000000010100011
0731000030020000000000000011
0831000070030203000000000000
083100004004484c7c0400c88011
073100001a01c000408001000011
0831000045012000012800040000
0231000000050060000000040000
0831000031060008000000000000
0731000005030000000010100000
0231000035020000000010100000
083100004004484c800400c88011
0731000030020000000000000011
0831000070030203000000000000
073100001a01c000408001000000
0831000045012000012800040000
0231000000050060000000040000
083100004004484c840400c88011
0731000005030000000010100011
0231000035020000000010100011
0731000030020000000000000011
0831000070030203000000000000
083100004004484c880400c88011
073100001a01c000408001000011
0831000045012000012800040000
0231000000050060000000040000
0731000005030000000010100000
0231000035020000000010100000
083100004004484c8c0400c88011
0731000030020000000000000011
0831000070030203000000000000
073100001a01c000408001000000
0831000045012000012800040000
0231000000050060000000040000
083100004004484c900400c88011
0731000005030000000010100011
0231000035020000000010100011
0731000030020000000000000011
0831000070030203000000000000
073100001a01c000408001000000
0831000045012000012800040000
0231000000050060000000040000
0731000005030000000010100000
0231000035020000000010100000
0731000030020000000000000000
0831000070030203000000000000
073100001a01c000408001000000
0831000045012000012800040000
0231000000050060000000040000
0731000005030000000010100000
0231000035020000000010100000
0731000030020000000000000000
0831000070030203000000000000
