Port is opened
0000000000
0831000025060048500000000000
0831000008010300000000000000
0531000010010000000000000000
0831000008010300000000000000
0831000025060048500000000000
0831000008010300000000000000
0531000010010000000000000000
0831000008010300000000000000
0131000015010000000000000000
08310000450100001c82c0040000
04310000950202aadea5c0040000
0831000025060048500000000000
0831000008010300000000000000
0531000010010000000000000000
0831000008010300000000000000
0831000025060048500000000000
0831000008010300000000000000
0531000010010000000000000000
0831000008010300000000000000
0831000025060048500000000000
0831000008010300000000000000
0531000010010000000000000000
0731000030010000000000000000
02310000750300aa000000000000
0831000008010300000000000000
0831000025060048500000000000
0831000008010300000000000000
0531000010010000000000000000
0831000008010300000000000000
0831000025060048500000000000
0831000008010300000000000000
0531000010010000000000000000
0831000008010300000000000000
0631000090000000710000000000
073100001a01c000408001000000
0331000088010100008001000000
0831000040044858080500c88011
0831000030058888000000000000
0831000020050081000000000000
0831000025060048500000000000
0831000008010300000000000000
0531000010010000000000000000
0731000090010000ad7580025e00
0831000008010300000000000000
0831000025060048500000000000
0831000008010300000000000000
0531000010010000000000000000
0831000008010300000000000000
0531000000042100000000000000
0831000025060048500000000000
0831000008010300000000000000
0531000010010000000000000000
0731000030010000000000000000
02310000750300aa000000000000
0831000008010300000000000000
0831000025060048500000000000
0831000008010300000000000000
0531000010010000000000000000
0831000008010300000000000000
0831000025060048500000000000
0831000008010300000000000000
0531000010010000000000000000
0831000008010300000000000000
04310000950202aafea400000000
0831000025060048500000000000
0831000008010300000000000000
0131000015030000000000000000
0531000010010000000000000000
0231000040030000000000000000
0831000008010300000000000000
0731000030020000000000000000
0831000070030201000000000000
0731000005030000000010900000
0831000025060048500000000000
0231000035020000500000000000
0831000008010300000000000000
0431000050030201ce0200000000
0531000010010000000000000000
0831000008010300000000000000
0831000025060048500000000000
0831000008010300000000000000
0531000010010000000000000000
0731000030010000000000000000
04310000700176f61b0000000000
0831000008014300000000000000
0831000025060040000000000000
0831000008014300000000000000
0531000010010000000000000000
0831000008014300000000000000
0831000025060040000000000000
0831000008014300000000000000
0531000010010000000000000000
0831000008014300000000000000
0131000015010000000000000000
08310000450100001c82c0040000
02310000550100341b00c0040000
01310000300308000000c0040000
08310000400448580c0500c88011
0831000030058888000000000000
0831000025060040000000000000
0831000008014300000000000000
0531000010010000000000000000
0731000090010000ad7580025e00
0831000008014300000000000000
0831000025060040000000000000
0831000008014300000000000000
0531000010010000000000000000
0831000008014300000000000000
0531000000042100000000000000
0631000090000000710000000000
0831000025060040000000000000
0831000008014303cc0000000000
0531000010010000000000000000
0731000030010000000000000000
02310000750300aa000000000000
0831000008014303cc0000000000
08310000450100011c82c0040000
0831000025060040000000000000
0831000008014304080000000000
0531000010010000000000000000
0731000030010000000000000000
0831000008016308400000000000
0831000025060040000000000000
083100000801230acc0000000000
013100001501000acc0000000000
08310000450100011882c0040000
0531000010010000000000040000
0731000030010000020000000000
083100000801130c600000000000
04310000950202ab1ea300000000
073100001a01c000408001000000
0831000025060040000000000000
083100000801130ea00000000000
0531000010010000000000000000
023100000005005b000000000000
0831000008011310cc0000000000
0831000025060048500000000000
0831000008011311b00000000000
0531000010010000000000000000
0831000008011312040000000000
0831000025060048500000000000
0831000008011312e80000000000
0531000010010000000000000000
07310000300100000b0000000000
02310000750300aa0b0000000000
0831000008011313700000000000
0831000025060048500000000000
0831000008011313840000000000
0531000010010000000000000000
0831000008011313d00000000000
0831000025060048500000000000
0831000008011313ac0000000000
0531000010010000000000000000
0831000008011313040000000000
0231000055010034040000000000
0131000030030800000000000000
0831000040044858100500c88011
0831000030058888000000000000
0831000025060048500000000000
0831000020050081000000000000
08310000080113127c0000000000
0331000060030000000000000000
0531000000042300000000000000
0531000010010000000000000000
0831000026060011000000000000
0731000090010000ad7580025e00
0231000040030000ad7580025e00
0831000008011312480000000000
0731000030020000000000000000
0831000070030201000000000000
0731000005030000000010900000
0831000025060048500000000000
0231000035020000500000000000
08310000080113116c0000000000
0431000050030201cd0200000000
0531000000042300000000000000
0531000010010000000000000000
0831000008011311540000000000
0831000025060048500000000000
0831000008011310e80000000000
0531000000042300000000000000
0531000010010000000000000000
0731000030010000180000000000
02310000750300aa180000000000
0831000008011310640000000000
0831000025060048500000000000
0831000008011310300000000000
0531000010010000000000000000
0531000000042300000000000000
083100000801130fe40000000000
0631000090000000710000000000
0831000025060048500000000000
083100000801130f980000000000
0531000010010000000000000000
0531000000042300000000000000
083100000801130f700000000000
013100001501000f700000000000
08310000450100011882c0040000
04310000950202ab3ea2c0040000
0831000025060048500000000000
083100000801130f580000000000
0531000010010000000000000000
083100000801130f340000000000
0831000025060048500000000000
083100000801130ee40000000000
0531000010010000000000000000
083100000801130ec80000000000
0831000025060048500000000000
083100000801130e880000000000
0531000010010000000000000000
07310000300100001e0000000000
0531000000042300000000000000
02310000750300aa000000000000
083100000801130e7c0000000000
0831000025060048500000000000
083100000801130e400000000000
0531000010010000000000000000
0531000000042300000000000000
083100000801130df40000000000
0831000025060048500000000000
083100000801130db40000000000
0531000010010000000000000000
083100000801130d940000000000
073100001a01c000408001000000
0331000088010100008001000000
0831000040044858140500c88011
0831000030058888000000000000
0831000025060048500000000000
083100000801130d600000000000
0531000010010000000000000000
0731000090010000ad7580025e00
023100000005005bad7580025e00
083100000801130d2c0000000000
0831000025060048500000000000
083100000801130d1c0000000000
0531000010010000000000000000
083100000801130cf40000000000
0831000025060048500000000000
0531000000042300000000000000
083100000801130cf00000000000
0531000010010000000000000000
0731000030010000220000000000
02310000750300aa220000000000
083100000801130cfc0000000000
0831000025060048500000000000
083100000801130d140000000000
0531000010010000000000000000
083100000801130cf00000000000
0831000025060048500000000000
083100000801130cd00000000000
0531000010010000000000000000
083100000801130c980000000000
04310000950202ab5ea100000000
0831000025060048500000000000
083100000801130c800000000000
0131000015030000000000000000
0531000010010000000000000000
083100000801130c700000000000
0731000030020000000000000000
0831000070030201000000000000
0631000090000000710000000000
0731000005030000000010900000
0831000025060048500000000000
0231000035020000500000000000
083100000801130c640000000000
0431000050030201ce0200000000
0531000010010000000000000000
083100000801130c480000000000
0831000025060048500000000000
083100000801130c340000000000
0531000010010000000000000000
0731000030010000260000000000
02310000750300aa260000000000
083100000801130c480000000000
0831000025060048500000000000
083100000801130c440000000000
0531000010010000000000000000
083100000801130c500000000000
0831000025060048500000000000
083100000801130c440000000000
0531000010010000000000000000
083100000801130c300000000000
013100001501000c300000000000
08310000450100011882c0040000
02310000550100341b00c0040000
01310000300308000000c0040000
0831000040044858180500c88011
0831000030058888000000000000
0831000025060048500000000000
0831000020050081000000000000
083100000801130c300000000000
0531000010010000000000000000
0731000090010000ad7580025e00
083100000801130c3c0000000000
0831000025060048500000000000
083100000801130c480000000000
0531000010010000000000000000
083100000801130c400000000000
0831000025060048500000000000
083100000801130c240000000000
0531000000042300000000000000
0531000010010000000000000000
07310000300100002a0000000000
02310000750300aa2a0000000000
083100000801130c300000000000
0831000025060048500000000000
083100000801130c300000000000
0531000010010000000000000000
083100000801130c300000000000
0831000025060048500000000000
083100000801130c340000000000
0531000010010000000000000000
083100000801130c240000000000
04310000950202ab7ea000000000
073100001a01c000408001000000
0831000025060048500000000000
083100000801130c1c0000000000
0531000010010000000000000000
023100000005005b000000000000
083100000801130c280000000000
0831000025060048500000000000
04310000700154f61b0000000000
083100000801130c3c0000000000
0531000010010000000000000000
083100000801130c3c0000000000
0831000025060048500000000000
083100000801130c440000000000
0531000010010000000000000000
07310000300100002e0000000000
02310000750300aa2e0000000000
083100000801130be40000000000
0631000090000000710000000000
0831000025060048500000000000
083100000801130bd40000000000
0531000010010000000000000000
083100000801130bfc0000000000
0831000025060048500000000000
083100000801130c2c0000000000
0531000010010000000000000000
083100000801130c3c0000000000
02310000550100343c0000000000
0131000030030800000000000000
08310000400448581c0500c88011
0831000030058888000000000000
0831000025060048500000000000
083100000801130c500000000000
0131000015030000000000000000
0531000010010000000000000000
0831000026060011000000000000
0731000090010000ad7580025e00
083100000801130c340000000000
0231000040030000340000000000
0731000030020000000000000000
0831000070030201000000000000
0731000005030000000010900000
0831000025060048500000000000
0231000035020000500000000000
083100000801130c180000000000
0431000050030201ce0200000000
0531000010010000000000000000
083100000801130c200000000000
0831000025060048500000000000
083100000801130c2c0000000000
0531000000042300000000000000
0531000010010000000000000000
0731000030010000320000000000
02310000750300aa320000000000
083100000801130c440000000000
0831000025060048500000000000
083100000801130c580000000000
0531000010010000000000000000
083100000801130c3c0000000000
0831000025060048500000000000
083100000801130bdc0000000000
0531000010010000000000000000
083100000801130bec0000000000
013100001501000bec0000000000
08310000450100011882c0040000
04310000950202ab9e9fc0040000
0831000025060048500000000000
083100000801130c040000000000
0531000010010000000000000000
083100000801130c400000000000
0831000025060048500000000000
083100000801130c540000000000
0531000010010000000000000000
083100000801130c400000000000
0831000025060048500000000000
083100000801130c280000000000
0531000010010000000000000000
0731000030010000360000000000
02310000750300aa360000000000
083100000801130c380000000000
0831000025060048500000000000
083100000801130c300000000000
0531000010010000000000000000
083100000801130c200000000000
0831000025060048500000000000
083100000801130c180000000000
0531000010010000000000000000
083100000801130c140000000000
073100001a01c000408001000000
0331000088010100008001000000
0631000090000000710000000000
0831000040044858200500c88011
0831000020050081000000000000
0831000030058888000000000000
083100000801130bfc0000000000
0831000025060048500000000000
0531000010010000000000000000
0731000090010000ad7580025e00
023100000005005ead7580025e00
083100000801130c080000000000
0831000025060048500000000000
083100000801130c340000000000
0531000010010000000000000000
083100000801130c2c0000000000
0831000025060048500000000000
083100000801130c100000000000
0531000000042300000000000000
0531000010010000000000000000
0731000030010000390000000000
02310000750300aa390000000000
083100000801130c180000000000
0831000025060048500000000000
083100000801130c1c0000000000
0531000010010000000000000000
083100000801130c280000000000
0831000025060048500000000000
083100000801130c300000000000
0531000010010000000000000000
083100000801130c000000000000
04310000950202abbe9e00000000
0831000025060048500000000000
083100000801130c040000000000
0131000015030000000000000000
0531000010010000000000000000
083100000801130c240000000000
0231000040030000240000000000
0731000030020000000000000000
0831000070030201000000000000
0731000005030000000010900000
0831000025060048500000000000
0231000035020000500000000000
083100000801130c200000000000
0431000050030201ce0200000000
0531000010010000000000000000
083100000801130c0c0000000000
0831000025060048500000000000
083100000801130c100000000000
0531000010010000000000000000
07310000300100003d0000000000
02310000750300aa3d0000000000
083100000801130bd40000000000
0831000025060048500000000000
083100000801130bd80000000000
0531000010010000000000000000
083100000801130bfc0000000000
0831000025060048500000000000
083100000801130c080000000000
0531000010010000000000000000
083100000801130c0c0000000000
013100001501000c0c0000000000
08310000450100011882c0040000
02310000550100341b00c0040000
01310000300308000000c0040000
0831000040044858240500c88011
0831000030058888000000000000
0831000025060048500000000000
083100000801130c100000000000
0531000010010000000000000000
0731000090010000ad7580025e00
083100000801130bf00000000000
0831000025060048500000000000
083100000801130bdc0000000000
0531000010010000000000000000
083100000801130c000000000000
0631000090000000710000000000
0831000025060048500000000000
083100000801130c000000000000
0531000010010000000000000000
0731000030010000420000000000
02310000750300aa420000000000
0531000000042300000000000000
083100000801130bf80000000000
0831000025060048500000000000
083100000801130c000000000000
0531000010010000000000000000
083100000801130c040000000000
0831000025060048500000000000
083100000801130be00000000000
0531000010010000000000000000
083100000801130be00000000000
04310000950202abde9d00000000
073100001a01c000408001000000
0831000025060048500000000000
083100000801130bf00000000000
0531000010010000000000000000
083100000801130c000000000000
0831000025060048500000000000
083100000801130c000000000000
0531000010010000000000000000
083100000801130bfc0000000000
0831000025060048500000000000
083100000801130bdc0000000000
0531000010010000000000000000
0731000030010000460000000000
02310000750300aa460000000000
083100000801130bd80000000000
0831000025060048500000000000
083100000801130bf40000000000
0531000010010000000000000000
083100000801130bf80000000000
0831000025060048500000000000
083100000801130c080000000000
0531000010010000000000000000
083100000801130c180000000000
0231000055010034180000000000
0131000030030800000000000000
0831000040044858280500c88011
0831000030058888000000000000
0831000025060048500000000000
0831000020050081000000000000
083100000801130c100000000000
0331000060030000000000000000
0531000010010000000000000000
0831000026060011000000000000
0731000090010000ad7580025e00
083100000801130c080000000000
0231000040030000080000000000
0731000030020000000000000000
0831000070030201000000000000
0731000005030000000010900000
0831000025060048500000000000
0231000035020000500000000000
083100000801130c180000000000
0531000010010000000000000000
0431000050030201ce0200000000
083100000801130c140000000000
0831000025060048500000000000
083100000801130c200000000000
0531000010010000000000000000
07310000300100004a0000000000
02310000750300aa4a0000000000
083100000801130c300000000000
0531000000042300000000000000
0831000025060048500000000000
083100000801130c280000000000
0531000010010000000000000000
083100000801130c300000000000
0831000025060048500000000000
0631000090000000710000000000
083100000801130c4c0000000000
0531000010010000000000000000
083100000801130c480000000000
013100001501000c480000000000
08310000450100011882c0040000
04310000950202abfe9cc0040000
0831000025060048500000000000
083100000801130c440000000000
0531000010010000000000000000
083100000801130c500000000000
0831000025060048500000000000
083100000801130c4c0000000000
0531000010010000000000000000
083100000801130c580000000000
0831000025060048500000000000
083100000801130c740000000000
0531000010010000000000000000
07310000300100004e0000000000
02310000750300aa4e0000000000
083100000801130c700000000000
0831000025060048500000000000
083100000801130c740000000000
0531000010010000000000000000
083100000801130c800000000000
0831000025060048500000000000
083100000801130c7c0000000000
0531000010010000000000000000
083100000801130c840000000000
073100001a01c000408001000000
0331000088010100008001000000
08310000400448582c0500c88011
0831000030058888000000000000
0831000025060048500000000000
083100000801130c8c0000000000
0531000010010000000000000000
0731000090010000ad7580025e00
083100000801130c7c0000000000
02310000000500707c0000000000
0831000025060048500000000000
083100000801130c6c0000000000
0531000010010000000000000000
083100000801130c7c0000000000
0831000025060048500000000000
083100000801130c800000000000
0531000010010000000000000000
0731000030010000530000000000
02310000750300aa530000000000
083100000801130c8c0000000000
0531000000042300000000000000
0831000025060048500000000000
083100000801130c9c0000000000
0531000010010000000000000000
083100000801130c980000000000
0831000025060048500000000000
083100000801130c940000000000
0531000010010000000000000000
083100000801130c940000000000
04310000950202aa1eab00000000
0831000025060048500000000000
083100000801130c800000000000
0131000015030000000000000000
0531000010010000000000000000
083100000801130c740000000000
0231000040030000740000000000
0731000030020000000000000000
0831000070030201000000000000
0731000005030000000010900000
0831000025060048500000000000
0631000090000000710000000000
083100000801130c780000000000
0531000010010000000000000000
0431000050030201ce0200000000
083100000801130c640000000000
0831000025060048500000000000
083100000801130c580000000000
0531000010010000000000000000
0731000030010000570000000000
02310000750300aa570000000000
083100000801130c600000000000
0831000025060048500000000000
083100000801130c580000000000
0531000010010000000000000000
083100000801130c5c0000000000
0831000025060048500000000000
083100000801130c680000000000
0531000010010000000000000000
083100000801130c580000000000
013100001501000c580000000000
08310000450100011882c0040000
02310000550100341b00c0040000
01310000300308000000c0040000
0831000040044858300500c88011
0831000030058888000000000000
0831000025060048500000000000
0831000020050081000000000000
083100000801130c4c0000000000
0531000010010000000000000000
0731000090010000ad7580025e00
083100000801130c580000000000
0831000025060048500000000000
083100000801130c500000000000
0531000010010000000000000000
083100000801130c4c0000000000
0831000025060048500000000000
083100000801130c480000000000
0531000010010000000000000000
07310000300100005b0000000000
02310000750300aa5b0000000000
083100000801130c4c0000000000
0531000000042300000000000000
0831000025060048500000000000
083100000801130c4c0000000000
0531000010010000000000000000
083100000801130c4c0000000000
0831000025060048500000000000
083100000801130c3c0000000000
0531000010010000000000000000
083100000801130c240000000000
04310000950202aa3eaa00000000
073100001a01c000408001000000
0831000025060048500000000000
083100000801130c240000000000
0531000010010000000000000000
083100000801130c200000000000
0231000000050070200000000000
0831000025060048500000000000
083100000801130c280000000000
0531000010010000000000000000
083100000801130c240000000000
0831000025060048500000000000
083100000801130c3c0000000000
0531000010010000000000000000
0731000030010000600000000000
02310000750300aa600000000000
083100000801130c2c0000000000
0831000025060048500000000000
0631000090000000710000000000
083100000801130c1c0000000000
0531000010010000000000000000
083100000801130c200000000000
0831000025060048500000000000
083100000801130c080000000000
0531000010010000000000000000
083100000801130bd80000000000
0231000055010034d80000000000
0131000030030800000000000000
0831000040044858340500c88011
0831000030058888000000000000
0831000025060048500000000000
083100000801130be40000000000
0131000015030000000000000000
0531000010010000000000000000
0831000026060011000000000000
0731000090010000ad7580025e00
083100000801130bf80000000000
0231000040030000f80000000000
0731000030020000000000000000
0831000070030201000000000000
0731000005030000000010900000
0831000025060048500000000000
0231000035020000500000000000
083100000801130c100000000000
0531000010010000000000000000
0431000050030201ce0200000000
083100000801130c1c0000000000
0831000025060048500000000000
083100000801130c000000000000
0531000010010000000000000000
0731000030010000640000000000
02310000750300aa640000000000
083100000801130bf80000000000
0531000000042300000000000000
0831000025060048500000000000
083100000801130c0c0000000000
0531000010010000000000000000
083100000801130bfc0000000000
0831000025060048500000000000
083100000801130bf00000000000
0531000010010000000000000000
083100000801130bf40000000000
013100001501000bf40000000000
08310000450100011882c0040000
04310000950202aa5ea9c0040000
0831000025060048500000000000
083100000801130bf40000000000
0531000010010000000000000000
083100000801130bfc0000000000
0831000025060048500000000000
083100000801130c0c0000000000
0531000010010000000000000000
083100000801130c000000000000
0831000025060048500000000000
083100000801130bf00000000000
0531000010010000000000000000
0731000030010000680000000000
02310000750300aa680000000000
083100000801130bec0000000000
0831000025060048500000000000
083100000801130bfc0000000000
0531000010010000000000000000
083100000801130be40000000000
0831000025060048500000000000
083100000801130be80000000000
0531000010010000000000000000
083100000801130c040000000000
073100001a01c000408001000000
0331000088010100008001000000
0831000040044858380500c88011
0831000030058888000000000000
0631000090000000710000000000
0831000020050081000000000000
0831000025060048500000000000
083100000801130c040000000000
0531000010010000000000000000
0731000090010000ad7580025e00
083100000801130c040000000000
0231000000050070040000000000
0831000025060048500000000000
083100000801130c140000000000
0531000010010000000000000000
083100000801130be00000000000
0831000025060048500000000000
083100000801130bd80000000000
0531000010010000000000000000
07310000300100006d0000000000
02310000750300aa6d0000000000
083100000801130bf00000000000
0831000025060048500000000000
083100000801130be40000000000
0531000000042300000000000000
0531000010010000000000000000
083100000801130bfc0000000000
0831000025060048500000000000
083100000801130c080000000000
0531000010010000000000000000
083100000801130bf80000000000
04310000950202aa7ea800000000
0831000025060048500000000000
083100000801130bf40000000000
0131000015030000000000000000
0531000010010000000000000000
083100000801130bf40000000000
0731000030020000000000000000
0831000070030201000000000000
0731000005030000000010900000
0831000025060048500000000000
0231000035020000500000000000
083100000801130c0c0000000000
0531000010010000000000000000
0431000050030201ce0200000000
083100000801130c0c0000000000
0831000025060048500000000000
083100000801130c140000000000
0531000010010000000000000000
0731000030010000710000000000
02310000750300aa710000000000
083100000801130c100000000000
0831000025060048500000000000
083100000801130c180000000000
0531000010010000000000000000
083100000801130c0c0000000000
0831000025060048500000000000
083100000801130c080000000000
0531000010010000000000000000
083100000801130c080000000000
013100001501000c080000000000
08310000450100011882c0040000
04310000700154f61b00c0040000
02310000550100341b00c0040000
01310000300308000000c0040000
08310000400448583c0500c88011
0831000030058888000000000000
0831000025060048500000000000
083100000801130c080000000000
0531000010010000000000000000
0731000090010000ad7580025e00
083100000801130c140000000000
0831000025060048500000000000
083100000801130c0c0000000000
0531000010010000000000000000
083100000801130c080000000000
0831000025060048500000000000
0631000090000000710000000000
083100000801130c0c0000000000
0531000010010000000000000000
0731000030010000750000000000
02310000750300aa750000000000
083100000801130c080000000000
0831000025060048500000000000
083100000801130c040000000000
0531000000042300000000000000
0531000010010000000000000000
083100000801130c1c0000000000
0831000025060048500000000000
083100000801130c1c0000000000
0531000010010000000000000000
083100000801130c1c0000000000
04310000950202aa9ea700000000
073100001a01c000408001000000
0831000025060048500000000000
083100000801130c300000000000
0531000010010000000000000000
083100000801130c2c0000000000
02310000000500712c0000000000
0831000025060048500000000000
083100000801130c340000000000
0531000010010000000000000000
083100000801130c440000000000
0831000025060048500000000000
083100000801130c2c0000000000
0531000010010000000000000000
07310000300100007a0000000000
02310000750300aa7a0000000000
083100000801130c140000000000
0831000025060048500000000000
083100000801130c280000000000
0531000010010000000000000000
083100000801130c2c0000000000
0831000025060048500000000000
083100000801130c3c0000000000
0531000010010000000000000000
083100000801130c3c0000000000
02310000550100343c0000000000
0131000030030800000000000000
0831000040044858400500c88011
0831000030058888000000000000
0831000025060048500000000000
0831000020050081000000000000
083100000801130c1c0000000000
0331000060030000000000000000
0531000010010000000000000000
0831000026060011000000000000
0731000090010000ad7580025e00
083100000801130c240000000000
0731000030020000000000000000
0831000070030201000000000000
0731000005030000000010900000
0831000025060048500000000000
0231000035020000500000000000
083100000801130c4c0000000000
0531000010010000000000000000
0431000050030201ce0200000000
083100000801130c400000000000
0831000025060048500000000000
083100000801130c300000000000
0531000010010000000000000000
07310000300100007e0000000000
02310000750300aa7e0000000000
083100000801130c440000000000
0831000025060048500000000000
083100000801130c440000000000
0531000000042300000000000000
0531000010010000000000000000
083100000801130c4c0000000000
0831000025060048500000000000
0631000090000000710000000000
083100000801130c480000000000
0531000010010000000000000000
083100000801130c3c0000000000
013100001501000c3c0000000000
08310000450100011882c0040000
04310000950202aabea6c0040000
0831000025060048500000000000
083100000801130c300000000000
0531000010010000000000000000
083100000801130c500000000000
08310000450100011881c0040000
0831000025060048500000000000
083100000801130c480000000000
0531000010010000000000000000
083100000801130c480000000000
0831000025060048500000000000
083100000801130c580000000000
0531000010010000000000000000
0731000030010000820000000000
02310000750300aa820000000000
083100000801130c3c0000000000
0831000025060048500000000000
083100000801130c1c0000000000
0531000010010000000000000000
083100000801130c3c0000000000
0831000025060048500000000000
083100000801130c380000000000
0531000010010000000000000000
083100000801130c340000000000
073100001a01c000408001000000
0331000088010100008001000000
0831000040044858440500c88011
0831000030058888000000000000
0831000025060048500000000000
083100000801130c400000000000
0531000010010000000000000000
0731000090010000ad7580025e00
083100000801130c500000000000
0231000000050070500000000000
0831000025060048500000000000
083100000801130c500000000000
0531000010010000000000000000
083100000801130c500000000000
0831000025060048500000000000
083100000801130c640000000000
0531000010010000000000000000
0731000030010000870000000000
02310000750300aa870000000000
083100000801130c3c0000000000
0831000025060048500000000000
083100000801130c2c0000000000
0531000010010000000000000000
0531000000042300000000000000
083100000801130c380000000000
0831000025060048500000000000
083100000801130c3c0000000000
0531000010010000000000000000
083100000801130c380000000000
04310000950202aadea500000000
0831000025060048500000000000
083100000801130c480000000000
0131000015030000000000000000
0531000010010000000000000000
083100000801130c480000000000
0731000030020000000000000000
0831000070030201000000000000
0231000040030000000000000000
0731000005030000000010900000
0831000025060048500000000000
0231000035020000500000000000
083100000801130c480000000000
0631000090000000710000000000
0531000010010000000000000000
083100000801130c680000000000
0831000025060048500000000000
083100000801130c500000000000
0531000010010000000000000000
07310000300100008b0000000000
02310000750300aa8b0000000000
083100000801130c540000000000
0831000025060048500000000000
083100000801130c600000000000
0531000010010000000000000000
083100000801130c500000000000
0831000025060048500000000000
083100000801130c380000000000
0531000010010000000000000000
083100000801130c500000000000
013100001501000c500000000000
08310000450100011881c0040000
02310000550100341b00c0040000
01310000300308000000c0040000
0831000040044858480500c88011
0831000030058888000000000000
0831000025060048500000000000
0831000020050081000000000000
083100000801130c400000000000
0531000010010000000000000000
0731000090010000ad7580025e00
083100000801130c380000000000
0831000025060048500000000000
083100000801130c4c0000000000
0531000010010000000000000000
083100000801130c3c0000000000
0831000025060048500000000000
083100000801130c4c0000000000
0531000010010000000000000000
0731000030010000900000000000
02310000750300aa900000000000
083100000801130c5c0000000000
0831000025060048500000000000
083100000801130c440000000000
0531000010010000000000000000
0531000000042300000000000000
083100000801130c340000000000
0831000025060048500000000000
083100000801130c540000000000
0531000010010000000000000000
083100000801130c500000000000
04310000950202aafea400000000
073100001a01c000408001000000
0831000025060048500000000000
083100000801130c580000000000
0531000010010000000000000000
083100000801130c600000000000
0231000000050071600000000000
0831000025060048500000000000
083100000801130c500000000000
0531000010010000000000000000
083100000801130c1c0000000000
0831000025060048500000000000
083100000801130c3c0000000000
0531000010010000000000000000
0731000030010000940000000000
02310000750300aa940000000000
083100000801130c480000000000
0831000025060048500000000000
083100000801130c5c0000000000
0631000090000000710000000000
0531000010010000000000000000
083100000801130c6c0000000000
0831000025060048500000000000
083100000801130c600000000000
0531000010010000000000000000
083100000801130c500000000000
0231000055010034500000000000
0131000030030800000000000000
08310000400448584c0500c88011
0831000030058888000000000000
0831000025060048500000000000
083100000801130c5c0000000000
0131000015030000000000000000
0531000010010000000000000000
0831000026060011000000000000
0731000090010000ad7580025e00
083100000801130c540000000000
0731000030020000000000000000
0831000070030201000000000000
0231000040030000000000000000
0731000005030000000010900000
0831000025060048500000000000
0231000035020000500000000000
083100000801130c500000000000
0531000010010000000000000000
083100000801130c600000000000
0431000050030201ce0200000000
0831000025060048500000000000
083100000801130c540000000000
0531000010010000000000000000
0731000030010000980000000000
02310000750300aa980000000000
083100000801130c500000000000
0831000025060048500000000000
083100000801130c580000000000
0531000010010000000000000000
083100000801130c4c0000000000
0531000000042300000000000000
0831000025060048500000000000
083100000801130c4c0000000000
0531000010010000000000000000
083100000801130c740000000000
013100001501000c740000000000
08310000450100011881c0040000
04310000950202ab1ea3c0040000
0831000025060048500000000000
083100000801130c6c0000000000
0531000010010000000000000000
083100000801130c6c0000000000
0831000025060048500000000000
083100000801130c600000000000
0531000010010000000000000000
083100000801130c580000000000
0831000025060048500000000000
083100000801130c5c0000000000
0531000010010000000000000000
07310000300100009c0000000000
02310000750300aa9c0000000000
083100000801130c680000000000
0831000025060048500000000000
083100000801130c4c0000000000
0531000010010000000000000000
083100000801130c4c0000000000
0831000025060048500000000000
083100000801130c4c0000000000
0531000010010000000000000000
083100000801130c600000000000
073100001a01c000408001000000
0331000088010100008001000000
0831000040044858500500c88011
0831000030058888000000000000
0831000020050081000000000000
0831000025060048500000000000
0631000090000000710000000000
083100000801130c540000000000
0531000010010000000000000000
0731000090010000ad7580025e00
083100000801130c440000000000
0231000000050071440000000000
0831000025060048500000000000
083100000801130c5c0000000000
0531000010010000000000000000
083100000801130c580000000000
0831000025060048500000000000
083100000801130c540000000000
0531000010010000000000000000
0731000030010000a10000000000
02310000750300aaa10000000000
083100000801130c600000000000
0831000025060048500000000000
083100000801130c540000000000
0531000010010000000000000000
083100000801130c500000000000
0531000000042300000000000000
0831000025060048500000000000
083100000801130c640000000000
0531000010010000000000000000
083100000801130c4c0000000000
04310000950202ab3ea200000000
0831000025060048500000000000
083100000801130c480000000000
0131000015030000000000000000
0531000010010000000000000000
083100000801130c500000000000
0731000030020000000000000000
0831000070030201000000000000
0731000005030000000010900000
0831000025060048500000000000
0231000035020000500000000000
083100000801130c5c0000000000
0531000010010000000000000000
083100000801130c5c0000000000
0431000050030201ce0200000000
0831000025060048500000000000
083100000801130c700000000000
0531000010010000000000000000
0731000030010000a50000000000
02310000750300aaa50000000000
083100000801130c300000000000
0831000025060048500000000000
083100000801130c280000000000
0531000010010000000000000000
083100000801130c440000000000
0831000025060048500000000000
083100000801130c5c0000000000
0531000010010000000000000000
083100000801130c5c0000000000
013100001501000c5c0000000000
08310000450100011881c0040000
02310000550100341b00c0040000
01310000300308000000c0040000
0831000040044858540500c88011
0831000030058888000000000000
0831000025060048500000000000
083100000801130c6c0000000000
0531000010010000000000000000
0731000090010000ad7580025e00
083100000801130c640000000000
0831000025060048500000000000
083100000801130c5c0000000000
0531000010010000000000000000
083100000801130c680000000000
0831000025060048500000000000
083100000801130c600000000000
0631000090000000710000000000
0531000010010000000000000000
0731000030010000a90000000000
02310000750300aaa90000000000
083100000801130c600000000000
0831000025060048500000000000
083100000801130c740000000000
0531000010010000000000000000
083100000801130c440000000000
0531000000042300000000000000
0831000025060048500000000000
083100000801130c480000000000
0531000010010000000000000000
083100000801130c5c0000000000
04310000950202ab5ea100000000
073100001a01c000408001000000
0831000025060048500000000000
083100000801130c680000000000
0531000010010000000000000000
083100000801130c700000000000
0231000000050071700000000000
0831000025060048500000000000
083100000801130c840000000000
0531000010010000000000000000
083100000801130c5c0000000000
